{"name": "Techlistic Practice Form Automation", "status": "broken", "statusDetails": {"message": "selenium.common.exceptions.ElementClickInterceptedException: Message: element click intercepted: Element <input id=\"tool-2\" name=\"tool\" style=\"font-size:14px;margin:0;padding:0;vertical-align:baseline\" type=\"checkbox\" value=\"Selenium Webdriver\"> is not clickable at point (550, 641). Other element would receive the click: <iframe frameborder=\"0\" src=\"https://9c4f2afc7a918cbd479f8627c5ef700f.safeframe.googlesyndication.com/safeframe/1-0-45/html/container.html\" id=\"google_ads_iframe_/23202726502,22662382379/techlistic_com-medrectangle-2_0\" title=\"3rd party ad content\" name=\"\" scrolling=\"no\" marginwidth=\"0\" marginheight=\"0\" width=\"728\" height=\"90\" data-is-safeframe=\"true\" sandbox=\"allow-forms allow-popups allow-popups-to-escape-sandbox allow-same-origin allow-scripts allow-top-navigation-by-user-activation\" allow=\"private-state-token-redemption;attribution-reporting\" aria-label=\"Advertisement\" tabindex=\"0\" data-google-container-id=\"3\" style=\"border: 0px; vertical-align: bottom;\" data-load-complete=\"true\"></iframe>\n  (Session info: chrome=138.0.7204.97); For documentation on this error, please visit: https://www.selenium.dev/documentation/webdriver/troubleshooting/errors#elementclickinterceptedexception\nStacktrace:\n\tGetHandleVerifier [0x0x7ff7ebca6f65+76917]\n\tGetHandleVerifier [0x0x7ff7ebca6fc0+77008]\n\t(No symbol) [0x0x7ff7eba59dea]\n\t(No symbol) [0x0x7ff7ebab8269]\n\t(No symbol) [0x0x7ff7ebab5c02]\n\t(No symbol) [0x0x7ff7ebab2c41]\n\t(No symbol) [0x0x7ff7ebab1b31]\n\t(No symbol) [0x0x7ff7ebaa3368]\n\t(No symbol) [0x0x7ff7ebad846a]\n\t(No symbol) [0x0x7ff7ebaa2c16]\n\t(No symbol) [0x0x7ff7ebad8680]\n\t(No symbol) [0x0x7ff7ebb0065c]\n\t(No symbol) [0x0x7ff7ebad8243]\n\t(No symbol) [0x0x7ff7ebaa1431]\n\t(No symbol) [0x0x7ff7ebaa21c3]\n\tGetHandleVerifier [0x0x7ff7ebf7d29d+3051437]\n\tGetHandleVerifier [0x0x7ff7ebf778f3+3028483]\n\tGetHandleVerifier [0x0x7ff7ebf9588d+3151261]\n\tGetHandleVerifier [0x0x7ff7ebcc182e+185662]\n\tGetHandleVerifier [0x0x7ff7ebcc96ef+218111]\n\tGetHandleVerifier [0x0x7ff7ebcafae4+112628]\n\tGetHandleVerifier [0x0x7ff7ebcafc99+113065]\n\tGetHandleVerifier [0x0x7ff7ebc96c68+10616]\n\tBaseThreadInitThunk [0x0x7ff938fce8d7+23]\n\tRtlUserThreadStart [0x0x7ff93b1bc34c+44]", "trace": "@allure.title(\"Techlistic Practice Form Automation\")\n    @allure.description(\"This test fills out the practice form on techlistic.com using Selenium and logs each step with Allure.\")\n    @allure.severity(allure.severity_level.NORMAL)\n    def test_techlistic_form():\n        service = Service(r\"C:\\Users\\athi\\Downloads\\chromedriver-win64\\chromedriver-win64\\chromedriver.exe\")\n        chrome_options = Options()\n        driver = webdriver.Chrome(service=service, options=chrome_options)\n        driver.maximize_window()\n    \n        with allure.step(\"Open Techlistic form page\"):\n            driver.get(\"https://www.techlistic.com/p/selenium-practice-form.html\")\n    \n        with allure.step(\"Fill First Name\"):\n            driver.find_element(By.XPATH, \"(//input[@type='text'])[1]\").send_keys(\"ATHITHYAN\")\n            time.sleep(1)\n    \n        with allure.step(\"Fill Last Name\"):\n            driver.find_element(By.XPATH, \"(//input[@type='text'])[2]\").send_keys(\"V\")\n            time.sleep(1)\n    \n        with allure.step(\"Select Gender - Male\"):\n            driver.find_element(By.XPATH, \"//input[@name='sex' and @value='Male']\").click()\n            time.sleep(1)\n    \n        with allure.step(\"Select Experience - 2 years\"):\n            driver.find_element(By.XPATH, \"//input[@name='exp' and @value='2']\").click()\n            time.sleep(1)\n    \n        with allure.step(\"Enter Date\"):\n            driver.find_element(By.ID, \"datepicker\").send_keys(\"28/06/2025\")\n            time.sleep(1)\n    \n        with allure.step(\"Select Profession - Manual Tester\"):\n            driver.find_element(By.XPATH, \"(//input[@name='profession'])[1]\").click()\n            time.sleep(1)\n    \n        with allure.step(\"Select Automation Tool - Selenium Webdriver\"):\n>           driver.find_element(By.XPATH, \"(//input[@name='tool'])[3]\").click()\n\nFinal_report\\Test_9_Automation_report.py:47: \n_ _ _ _ _ _ _ _ _ _ _ _ _ _ _ _ _ _ _ _ _ _ _ _ _ _ _ _ _ _ _ _ _ _ _ _ _ _ _ _ _ _ _ _ _ _ _ _ _ _ _ _ _ _ _ _ _ _ _ _ _ _\n..\\..\\..\\AppData\\Local\\Programs\\Python\\Python310\\lib\\site-packages\\selenium\\webdriver\\remote\\webelement.py:120: in click\n    self._execute(Command.CLICK_ELEMENT)\n..\\..\\..\\AppData\\Local\\Programs\\Python\\Python310\\lib\\site-packages\\selenium\\webdriver\\remote\\webelement.py:573: in _execute\n    return self._parent.execute(command, params)\n..\\..\\..\\AppData\\Local\\Programs\\Python\\Python310\\lib\\site-packages\\selenium\\webdriver\\remote\\webdriver.py:454: in execute\n    self.error_handler.check_response(response)\n_ _ _ _ _ _ _ _ _ _ _ _ _ _ _ _ _ _ _ _ _ _ _ _ _ _ _ _ _ _ _ _ _ _ _ _ _ _ _ _ _ _ _ _ _ _ _ _ _ _ _ _ _ _ _ _ _ _ _ _ _ _\n\nself = <selenium.webdriver.remote.errorhandler.ErrorHandler object at 0x000001BBAEF1BD60>\nresponse = {'status': 400, 'value': '{\"value\":{\"error\":\"element click intercepted\",\"message\":\"element click intercepted: Element ...ff7ebc96c68+10616]\\\\n\\\\tBaseThreadInitThunk [0x0x7ff938fce8d7+23]\\\\n\\\\tRtlUserThreadStart [0x0x7ff93b1bc34c+44]\\\\n\"}}'}\n\n    def check_response(self, response: dict[str, Any]) -> None:\n        \"\"\"Checks that a JSON response from the WebDriver does not have an\n        error.\n    \n        :Args:\n         - response - The JSON response from the WebDriver server as a dictionary\n           object.\n    \n        :Raises: If the response contains an error message.\n        \"\"\"\n        status = response.get(\"status\", None)\n        if not status or status == ErrorCode.SUCCESS:\n            return\n        value = None\n        message = response.get(\"message\", \"\")\n        screen: str = response.get(\"screen\", \"\")\n        stacktrace = None\n        if isinstance(status, int):\n            value_json = response.get(\"value\", None)\n            if value_json and isinstance(value_json, str):\n                try:\n                    value = json.loads(value_json)\n                    if isinstance(value, dict):\n                        if len(value) == 1:\n                            value = value[\"value\"]\n                        status = value.get(\"error\", None)\n                        if not status:\n                            status = value.get(\"status\", ErrorCode.UNKNOWN_ERROR)\n                            message = value.get(\"value\") or value.get(\"message\")\n                            if not isinstance(message, str):\n                                value = message\n                                message = message.get(\"message\")\n                        else:\n                            message = value.get(\"message\", None)\n                except ValueError:\n                    pass\n    \n        exception_class: type[WebDriverException]\n        e = ErrorCode()\n        error_codes = [item for item in dir(e) if not item.startswith(\"__\")]\n        for error_code in error_codes:\n            error_info = getattr(ErrorCode, error_code)\n            if isinstance(error_info, list) and status in error_info:\n                exception_class = getattr(ExceptionMapping, error_code, WebDriverException)\n                break\n        else:\n            exception_class = WebDriverException\n    \n        if not value:\n            value = response[\"value\"]\n        if isinstance(value, str):\n            raise exception_class(value)\n        if message == \"\" and \"message\" in value:\n            message = value[\"message\"]\n    \n        screen = None  # type: ignore[assignment]\n        if \"screen\" in value:\n            screen = value[\"screen\"]\n    \n        stacktrace = None\n        st_value = value.get(\"stackTrace\") or value.get(\"stacktrace\")\n        if st_value:\n            if isinstance(st_value, str):\n                stacktrace = st_value.split(\"\\n\")\n            else:\n                stacktrace = []\n                try:\n                    for frame in st_value:\n                        line = frame.get(\"lineNumber\", \"\")\n                        file = frame.get(\"fileName\", \"<anonymous>\")\n                        if line:\n                            file = f\"{file}:{line}\"\n                        meth = frame.get(\"methodName\", \"<anonymous>\")\n                        if \"className\" in frame:\n                            meth = f\"{frame['className']}.{meth}\"\n                        msg = \"    at %s (%s)\"\n                        msg = msg % (meth, file)\n                        stacktrace.append(msg)\n                except TypeError:\n                    pass\n        if exception_class == UnexpectedAlertPresentException:\n            alert_text = None\n            if \"data\" in value:\n                alert_text = value[\"data\"].get(\"text\")\n            elif \"alert\" in value:\n                alert_text = value[\"alert\"].get(\"text\")\n            raise exception_class(message, screen, stacktrace, alert_text)  # type: ignore[call-arg]  # mypy is not smart enough here\n>       raise exception_class(message, screen, stacktrace)\nE       selenium.common.exceptions.ElementClickInterceptedException: Message: element click intercepted: Element <input id=\"tool-2\" name=\"tool\" style=\"font-size:14px;margin:0;padding:0;vertical-align:baseline\" type=\"checkbox\" value=\"Selenium Webdriver\"> is not clickable at point (550, 641). Other element would receive the click: <iframe frameborder=\"0\" src=\"https://9c4f2afc7a918cbd479f8627c5ef700f.safeframe.googlesyndication.com/safeframe/1-0-45/html/container.html\" id=\"google_ads_iframe_/23202726502,22662382379/techlistic_com-medrectangle-2_0\" title=\"3rd party ad content\" name=\"\" scrolling=\"no\" marginwidth=\"0\" marginheight=\"0\" width=\"728\" height=\"90\" data-is-safeframe=\"true\" sandbox=\"allow-forms allow-popups allow-popups-to-escape-sandbox allow-same-origin allow-scripts allow-top-navigation-by-user-activation\" allow=\"private-state-token-redemption;attribution-reporting\" aria-label=\"Advertisement\" tabindex=\"0\" data-google-container-id=\"3\" style=\"border: 0px; vertical-align: bottom;\" data-load-complete=\"true\"></iframe>\nE         (Session info: chrome=138.0.7204.97); For documentation on this error, please visit: https://www.selenium.dev/documentation/webdriver/troubleshooting/errors#elementclickinterceptedexception\nE       Stacktrace:\nE       \tGetHandleVerifier [0x0x7ff7ebca6f65+76917]\nE       \tGetHandleVerifier [0x0x7ff7ebca6fc0+77008]\nE       \t(No symbol) [0x0x7ff7eba59dea]\nE       \t(No symbol) [0x0x7ff7ebab8269]\nE       \t(No symbol) [0x0x7ff7ebab5c02]\nE       \t(No symbol) [0x0x7ff7ebab2c41]\nE       \t(No symbol) [0x0x7ff7ebab1b31]\nE       \t(No symbol) [0x0x7ff7ebaa3368]\nE       \t(No symbol) [0x0x7ff7ebad846a]\nE       \t(No symbol) [0x0x7ff7ebaa2c16]\nE       \t(No symbol) [0x0x7ff7ebad8680]\nE       \t(No symbol) [0x0x7ff7ebb0065c]\nE       \t(No symbol) [0x0x7ff7ebad8243]\nE       \t(No symbol) [0x0x7ff7ebaa1431]\nE       \t(No symbol) [0x0x7ff7ebaa21c3]\nE       \tGetHandleVerifier [0x0x7ff7ebf7d29d+3051437]\nE       \tGetHandleVerifier [0x0x7ff7ebf778f3+3028483]\nE       \tGetHandleVerifier [0x0x7ff7ebf9588d+3151261]\nE       \tGetHandleVerifier [0x0x7ff7ebcc182e+185662]\nE       \tGetHandleVerifier [0x0x7ff7ebcc96ef+218111]\nE       \tGetHandleVerifier [0x0x7ff7ebcafae4+112628]\nE       \tGetHandleVerifier [0x0x7ff7ebcafc99+113065]\nE       \tGetHandleVerifier [0x0x7ff7ebc96c68+10616]\nE       \tBaseThreadInitThunk [0x0x7ff938fce8d7+23]\nE       \tRtlUserThreadStart [0x0x7ff93b1bc34c+44]\n\n..\\..\\..\\AppData\\Local\\Programs\\Python\\Python310\\lib\\site-packages\\selenium\\webdriver\\remote\\errorhandler.py:232: ElementClickInterceptedException"}, "description": "This test fills out the practice form on techlistic.com using Selenium and logs each step with Allure.", "steps": [{"name": "Open Techlistic form page", "status": "passed", "start": 1751623491097, "stop": 1751623502612}, {"name": "Fill First Name", "status": "passed", "start": 1751623502612, "stop": 1751623503812}, {"name": "Fill Last Name", "status": "passed", "start": 1751623503812, "stop": 1751623504981}, {"name": "Select Gender - Male", "status": "passed", "start": 1751623504982, "stop": 1751623506148}, {"name": "Select Experience - 2 years", "status": "passed", "start": 1751623506148, "stop": 1751623507321}, {"name": "Enter Date", "status": "passed", "start": 1751623507321, "stop": 1751623508475}, {"name": "Select Profession - Manual Tester", "status": "passed", "start": 1751623508475, "stop": 1751623509650}, {"name": "Select Automation Tool - Selenium Webdriver", "status": "broken", "statusDetails": {"message": "selenium.common.exceptions.ElementClickInterceptedException: Message: element click intercepted: Element <input id=\"tool-2\" name=\"tool\" style=\"font-size:14px;margin:0;padding:0;vertical-align:baseline\" type=\"checkbox\" value=\"Selenium Webdriver\"> is not clickable at point (550, 641). Other element would receive the click: <iframe frameborder=\"0\" src=\"https://9c4f2afc7a918cbd479f8627c5ef700f.safeframe.googlesyndication.com/safeframe/1-0-45/html/container.html\" id=\"google_ads_iframe_/23202726502,22662382379/techlistic_com-medrectangle-2_0\" title=\"3rd party ad content\" name=\"\" scrolling=\"no\" marginwidth=\"0\" marginheight=\"0\" width=\"728\" height=\"90\" data-is-safeframe=\"true\" sandbox=\"allow-forms allow-popups allow-popups-to-escape-sandbox allow-same-origin allow-scripts allow-top-navigation-by-user-activation\" allow=\"private-state-token-redemption;attribution-reporting\" aria-label=\"Advertisement\" tabindex=\"0\" data-google-container-id=\"3\" style=\"border: 0px; vertical-align: bottom;\" data-load-complete=\"true\"></iframe>\n  (Session info: chrome=138.0.7204.97); For documentation on this error, please visit: https://www.selenium.dev/documentation/webdriver/troubleshooting/errors#elementclickinterceptedexception\nStacktrace:\n\tGetHandleVerifier [0x0x7ff7ebca6f65+76917]\n\tGetHandleVerifier [0x0x7ff7ebca6fc0+77008]\n\t(No symbol) [0x0x7ff7eba59dea]\n\t(No symbol) [0x0x7ff7ebab8269]\n\t(No symbol) [0x0x7ff7ebab5c02]\n\t(No symbol) [0x0x7ff7ebab2c41]\n\t(No symbol) [0x0x7ff7ebab1b31]\n\t(No symbol) [0x0x7ff7ebaa3368]\n\t(No symbol) [0x0x7ff7ebad846a]\n\t(No symbol) [0x0x7ff7ebaa2c16]\n\t(No symbol) [0x0x7ff7ebad8680]\n\t(No symbol) [0x0x7ff7ebb0065c]\n\t(No symbol) [0x0x7ff7ebad8243]\n\t(No symbol) [0x0x7ff7ebaa1431]\n\t(No symbol) [0x0x7ff7ebaa21c3]\n\tGetHandleVerifier [0x0x7ff7ebf7d29d+3051437]\n\tGetHandleVerifier [0x0x7ff7ebf778f3+3028483]\n\tGetHandleVerifier [0x0x7ff7ebf9588d+3151261]\n\tGetHandleVerifier [0x0x7ff7ebcc182e+185662]\n\tGetHandleVerifier [0x0x7ff7ebcc96ef+218111]\n\tGetHandleVerifier [0x0x7ff7ebcafae4+112628]\n\tGetHandleVerifier [0x0x7ff7ebcafc99+113065]\n\tGetHandleVerifier [0x0x7ff7ebc96c68+10616]\n\tBaseThreadInitThunk [0x0x7ff938fce8d7+23]\n\tRtlUserThreadStart [0x0x7ff93b1bc34c+44]\n\n", "trace": "  File \"C:\\Users\\athi\\OneDrive\\Desktop\\Automation Testing\\Final_report\\Test_9_Automation_report.py\", line 47, in test_techlistic_form\n    driver.find_element(By.XPATH, \"(//input[@name='tool'])[3]\").click()\n  File \"C:\\Users\\athi\\AppData\\Local\\Programs\\Python\\Python310\\lib\\site-packages\\selenium\\webdriver\\remote\\webelement.py\", line 120, in click\n    self._execute(Command.CLICK_ELEMENT)\n  File \"C:\\Users\\athi\\AppData\\Local\\Programs\\Python\\Python310\\lib\\site-packages\\selenium\\webdriver\\remote\\webelement.py\", line 573, in _execute\n    return self._parent.execute(command, params)\n  File \"C:\\Users\\athi\\AppData\\Local\\Programs\\Python\\Python310\\lib\\site-packages\\selenium\\webdriver\\remote\\webdriver.py\", line 454, in execute\n    self.error_handler.check_response(response)\n  File \"C:\\Users\\athi\\AppData\\Local\\Programs\\Python\\Python310\\lib\\site-packages\\selenium\\webdriver\\remote\\errorhandler.py\", line 232, in check_response\n    raise exception_class(message, screen, stacktrace)\n"}, "start": 1751623509650, "stop": 1751623510826}], "start": 1751623489769, "stop": 1751623510829, "uuid": "793dba21-dab1-4673-992f-49ca311bb471", "historyId": "558167973854b991b747dac966a1a5a3", "testCaseId": "558167973854b991b747dac966a1a5a3", "fullName": "Final_report.Test_9_Automation_report#test_techlistic_form", "labels": [{"name": "severity", "value": "normal"}, {"name": "parentSuite", "value": "Final_report"}, {"name": "suite", "value": "Test_9_Automation_report"}, {"name": "host", "value": "DESKTOP-FJANE1E"}, {"name": "thread", "value": "22336-MainThread"}, {"name": "framework", "value": "pytest"}, {"name": "language", "value": "cpython3"}, {"name": "package", "value": "Final_report.Test_9_Automation_report"}]}